<html>
<head>
<title>TestNG:  Add To Cart Test</title>
<link href="../testng.css" rel="stylesheet" type="text/css" />
<link href="../my-testng.css" rel="stylesheet" type="text/css" />

<style type="text/css">
.log { display: none;} 
.stack-trace { display: none;} 
</style>
<script type="text/javascript">
<!--
function flip(e) {
  current = e.style.display;
  if (current == 'block') {
    e.style.display = 'none';
    return 0;
  }
  else {
    e.style.display = 'block';
    return 1;
  }
}

function toggleBox(szDivId, elem, msg1, msg2)
{
  var res = -1;  if (document.getElementById) {
    res = flip(document.getElementById(szDivId));
  }
  else if (document.all) {
    // this is the way old msie versions work
    res = flip(document.all[szDivId]);
  }
  if(elem) {
    if(res == 0) elem.innerHTML = msg1; else elem.innerHTML = msg2;
  }

}

function toggleAllBoxes() {
  if (document.getElementsByTagName) {
    d = document.getElementsByTagName('div');
    for (i = 0; i < d.length; i++) {
      if (d[i].className == 'log') {
        flip(d[i]);
      }
    }
  }
}

// -->
</script>

</head>
<body>
<h2 align='center'>Add To Cart Test</h2><table border='1' align="center">
<tr>
<td>Tests passed/Failed/Skipped:</td><td>0/1/0</td>
</tr><tr>
<td>Started on:</td><td>Tue Feb 01 21:38:02 EST 2022</td>
</tr>
<tr><td>Total time:</td><td>0 seconds (32 ms)</td>
</tr><tr>
<td>Included groups:</td><td></td>
</tr><tr>
<td>Excluded groups:</td><td></td>
</tr>
</table><p/>
<small><i>(Hover the method name to see the test class name)</i></small><p/>
<table width='100%' border='1' class='invocation-failed'>
<tr><td colspan='4' align='center'><b>FAILED TESTS</b></td></tr>
<tr><td><b>Test method</b></td>
<td width="30%"><b>Exception</b></td>
<td width="10%"><b>Time (seconds)</b></td>
<td><b>Instance</b></td>
</tr>
<tr>
<td title='testcases.TC4AddCart.clickCart()'><b>clickCart</b><br>Test class: testcases.TC4AddCart</td>
<td><div><pre>org.openqa.selenium.UnhandledAlertException: unexpected alert open: {Alert text : SyntaxError: Unexpected token &lt; in JSON at position 0
parsererror
&lt;b&gt;Warning&lt;/b&gt;: unlink(/home/ocdemo/storage/cache/cache.catalog.language.1643773091): No such file or directory in &lt;b&gt;/home/ocdemo/public_html/system/library/cache/file.php&lt;/b&gt; on line &lt;b&gt;68&lt;/b&gt;{&quot;country_id&quot;:&quot;210&quot;,&quot;name&quot;:&quot;Togo&quot;,&quot;iso_code_2&quot;:&quot;TG&quot;,&quot;iso_code_3&quot;:&quot;TGO&quot;,&quot;address_format&quot;:&quot;&quot;,&quot;postcode_required&quot;:&quot;0&quot;,&quot;zone&quot;:[{&quot;zone_id&quot;:&quot;3268&quot;,&quot;country_id&quot;:&quot;210&quot;,&quot;name&quot;:&quot;Centrale&quot;,&quot;code&quot;:&quot;C&quot;,&quot;status&quot;:&quot;1&quot;},{&quot;zone_id&quot;:&quot;3265&quot;,&quot;country_id&quot;:&quot;210&quot;,&quot;name&quot;:&quot;Kara&quot;,&quot;code&quot;:&quot;K&quot;,&quot;status&quot;:&quot;1&quot;},{&quot;zone_id&quot;:&quot;3269&quot;,&quot;country_id&quot;:&quot;210&quot;,&quot;name&quot;:&quot;Maritime&quot;,&quot;code&quot;:&quot;M&quot;,&quot;status&quot;:&quot;1&quot;},{&quot;zone_id&quot;:&quot;3266&quot;,&quot;country_id&quot;:&quot;210&quot;,&quot;name&quot;:&quot;Plateaux&quot;,&quot;code&quot;:&quot;P&quot;,&quot;status&quot;:&quot;1&quot;},{&quot;zone_id&quot;:&quot;3267&quot;,&quot;country_id&quot;:&quot;210&quot;,&quot;name&quot;:&quot;Savanes&quot;,&quot;code&quot;:&quot;S&quot;,&quot;status&quot;:&quot;1&quot;}],&quot;status&quot;:&quot;1&quot;}}
  (Session info: chrome=97.0.4692.99): SyntaxError: Unexpected token &lt; in JSON at position 0
parsererror
&lt;b&gt;Warning&lt;/b&gt;: unlink(/home/ocdemo/storage/cache/cache.catalog.language.1643773091): No such file or directory in &lt;b&gt;/home/ocdemo/public_html/system/library/cache/file.php&lt;/b&gt; on line &lt;b&gt;68&lt;/b&gt;{&quot;country_id&quot;:&quot;210&quot;,&quot;name&quot;:&quot;Togo&quot;,&quot;iso_code_2&quot;:&quot;TG&quot;,&quot;iso_code_3&quot;:&quot;TGO&quot;,&quot;address_format&quot;:&quot;&quot;,&quot;postcode_required&quot;:&quot;0&quot;,&quot;zone&quot;:[{&quot;zone_id&quot;:&quot;3268&quot;,&quot;country_id&quot;:&quot;210&quot;,&quot;name&quot;:&quot;Centrale&quot;,&quot;code&quot;:&quot;C&quot;,&quot;status&quot;:&quot;1&quot;},{&quot;zone_id&quot;:&quot;3265&quot;,&quot;country_id&quot;:&quot;210&quot;,&quot;name&quot;:&quot;Kara&quot;,&quot;code&quot;:&quot;K&quot;,&quot;status&quot;:&quot;1&quot;},{&quot;zone_id&quot;:&quot;3269&quot;,&quot;country_id&quot;:&quot;210&quot;,&quot;name&quot;:&quot;Maritime&quot;,&quot;code&quot;:&quot;M&quot;,&quot;status&quot;:&quot;1&quot;},{&quot;zone_id&quot;:&quot;3266&quot;,&quot;country_id&quot;:&quot;210&quot;,&quot;name&quot;:&quot;Plateaux&quot;,&quot;code&quot;:&quot;P&quot;,&quot;status&quot;:&quot;1&quot;},{&quot;zone_id&quot;:&quot;3267&quot;,&quot;country_id&quot;:&quot;210&quot;,&quot;name&quot;:&quot;Savanes&quot;,&quot;code&quot;:&quot;S&quot;,&quot;status&quot;:&quot;1&quot;}],&quot;status&quot;:&quot;1&quot;}
Build info: version: &apos;3.141.59&apos;, revision: &apos;e82be7d358&apos;, time: &apos;2018-11-14T08:17:03&apos;
System info: host: &apos;DESKTOP-0SH0Q77&apos;, ip: &apos;10.0.0.96&apos;, os.name: &apos;Windows 10&apos;, os.arch: &apos;amd64&apos;, os.version: &apos;10.0&apos;, java.version: &apos;17.0.1&apos;
Driver info: org.openqa.selenium.chrome.ChromeDriver
Capabilities {acceptInsecureCerts: false, browserName: chrome, browserVersion: 97.0.4692.99, chrome: {chromedriverVersion: 97.0.4692.71 (adefa7837d02a..., userDataDir: C:\Users\Jasveer\AppData\Lo...}, goog:chromeOptions: {debuggerAddress: localhost:61919}, javascriptEnabled: true, networkConnectionEnabled: false, pageLoadStrategy: normal, platform: WINDOWS, platformName: WINDOWS, proxy: Proxy(), setWindowRect: true, strictFileInteractability: false, timeouts: {implicit: 0, pageLoad: 300000, script: 30000}, unhandledPromptBehavior: dismiss and notify, webauthn:extension:credBlob: true, webauthn:extension:largeBlob: true, webauthn:virtualAuthenticators: true}
Session ID: 544b053bc790e54c6c34f2dc97c24e69
*** Element info: {Using=link text, value=Components}
	at org.openqa.selenium.remote.http.W3CHttpResponseCodec.decode(W3CHttpResponseCodec.java:120)
	at org.openqa.selenium.remote.http.W3CHttpResponseCodec.decode(W3CHttpResponseCodec.java:49)
	at org.openqa.selenium.remote.HttpCommandExecutor.execute(HttpCommandExecutor.java:158)
	at org.openqa.selenium.remote.service.DriverCommandExecutor.execute(DriverCommandExecutor.java:83)
	at org.openqa.selenium.remote.RemoteWebDriver.execute(RemoteWebDriver.java:552)
	at org.openqa.selenium.remote.RemoteWebDriver.findElement(RemoteWebDriver.java:323)
	at org.openqa.selenium.remote.RemoteWebDriver.findElementByLinkText(RemoteWebDriver.java:380)
	at org.openqa.selenium.By$ByLinkText.findElement(By.java:220)
	at org.openqa.selenium.remote.RemoteWebDriver.findElement(RemoteWebDriver.java:315)
	at org.openqa.selenium.support.pagefactory.DefaultElementLocator.findElement(DefaultElementLocator.java:69)
	at org.openqa.selenium.support.pagefactory.internal.LocatingElementHandler.invoke(LocatingElementHandler.java:38)
	at jdk.proxy2/jdk.proxy2.$Proxy13.click(Unknown Source)
	at pages.AddToCart.addCart(AddToCart.java:45)
	at testcases.TC4AddCart.clickCart(TC4AddCart.java:23)
... Removed 25 stack frames</pre></div><a href='#' onClick='toggleBox("stack-trace1395173825", this, "Click to show all stack frames", "Click to hide stack frames")'>Click to show all stack frames</a>
<div class='stack-trace' id='stack-trace1395173825'><pre>org.openqa.selenium.UnhandledAlertException: unexpected alert open: {Alert text : SyntaxError: Unexpected token &lt; in JSON at position 0
parsererror
&lt;b&gt;Warning&lt;/b&gt;: unlink(/home/ocdemo/storage/cache/cache.catalog.language.1643773091): No such file or directory in &lt;b&gt;/home/ocdemo/public_html/system/library/cache/file.php&lt;/b&gt; on line &lt;b&gt;68&lt;/b&gt;{&quot;country_id&quot;:&quot;210&quot;,&quot;name&quot;:&quot;Togo&quot;,&quot;iso_code_2&quot;:&quot;TG&quot;,&quot;iso_code_3&quot;:&quot;TGO&quot;,&quot;address_format&quot;:&quot;&quot;,&quot;postcode_required&quot;:&quot;0&quot;,&quot;zone&quot;:[{&quot;zone_id&quot;:&quot;3268&quot;,&quot;country_id&quot;:&quot;210&quot;,&quot;name&quot;:&quot;Centrale&quot;,&quot;code&quot;:&quot;C&quot;,&quot;status&quot;:&quot;1&quot;},{&quot;zone_id&quot;:&quot;3265&quot;,&quot;country_id&quot;:&quot;210&quot;,&quot;name&quot;:&quot;Kara&quot;,&quot;code&quot;:&quot;K&quot;,&quot;status&quot;:&quot;1&quot;},{&quot;zone_id&quot;:&quot;3269&quot;,&quot;country_id&quot;:&quot;210&quot;,&quot;name&quot;:&quot;Maritime&quot;,&quot;code&quot;:&quot;M&quot;,&quot;status&quot;:&quot;1&quot;},{&quot;zone_id&quot;:&quot;3266&quot;,&quot;country_id&quot;:&quot;210&quot;,&quot;name&quot;:&quot;Plateaux&quot;,&quot;code&quot;:&quot;P&quot;,&quot;status&quot;:&quot;1&quot;},{&quot;zone_id&quot;:&quot;3267&quot;,&quot;country_id&quot;:&quot;210&quot;,&quot;name&quot;:&quot;Savanes&quot;,&quot;code&quot;:&quot;S&quot;,&quot;status&quot;:&quot;1&quot;}],&quot;status&quot;:&quot;1&quot;}}
  (Session info: chrome=97.0.4692.99): SyntaxError: Unexpected token &lt; in JSON at position 0
parsererror
&lt;b&gt;Warning&lt;/b&gt;: unlink(/home/ocdemo/storage/cache/cache.catalog.language.1643773091): No such file or directory in &lt;b&gt;/home/ocdemo/public_html/system/library/cache/file.php&lt;/b&gt; on line &lt;b&gt;68&lt;/b&gt;{&quot;country_id&quot;:&quot;210&quot;,&quot;name&quot;:&quot;Togo&quot;,&quot;iso_code_2&quot;:&quot;TG&quot;,&quot;iso_code_3&quot;:&quot;TGO&quot;,&quot;address_format&quot;:&quot;&quot;,&quot;postcode_required&quot;:&quot;0&quot;,&quot;zone&quot;:[{&quot;zone_id&quot;:&quot;3268&quot;,&quot;country_id&quot;:&quot;210&quot;,&quot;name&quot;:&quot;Centrale&quot;,&quot;code&quot;:&quot;C&quot;,&quot;status&quot;:&quot;1&quot;},{&quot;zone_id&quot;:&quot;3265&quot;,&quot;country_id&quot;:&quot;210&quot;,&quot;name&quot;:&quot;Kara&quot;,&quot;code&quot;:&quot;K&quot;,&quot;status&quot;:&quot;1&quot;},{&quot;zone_id&quot;:&quot;3269&quot;,&quot;country_id&quot;:&quot;210&quot;,&quot;name&quot;:&quot;Maritime&quot;,&quot;code&quot;:&quot;M&quot;,&quot;status&quot;:&quot;1&quot;},{&quot;zone_id&quot;:&quot;3266&quot;,&quot;country_id&quot;:&quot;210&quot;,&quot;name&quot;:&quot;Plateaux&quot;,&quot;code&quot;:&quot;P&quot;,&quot;status&quot;:&quot;1&quot;},{&quot;zone_id&quot;:&quot;3267&quot;,&quot;country_id&quot;:&quot;210&quot;,&quot;name&quot;:&quot;Savanes&quot;,&quot;code&quot;:&quot;S&quot;,&quot;status&quot;:&quot;1&quot;}],&quot;status&quot;:&quot;1&quot;}
Build info: version: &apos;3.141.59&apos;, revision: &apos;e82be7d358&apos;, time: &apos;2018-11-14T08:17:03&apos;
System info: host: &apos;DESKTOP-0SH0Q77&apos;, ip: &apos;10.0.0.96&apos;, os.name: &apos;Windows 10&apos;, os.arch: &apos;amd64&apos;, os.version: &apos;10.0&apos;, java.version: &apos;17.0.1&apos;
Driver info: org.openqa.selenium.chrome.ChromeDriver
Capabilities {acceptInsecureCerts: false, browserName: chrome, browserVersion: 97.0.4692.99, chrome: {chromedriverVersion: 97.0.4692.71 (adefa7837d02a..., userDataDir: C:\Users\Jasveer\AppData\Lo...}, goog:chromeOptions: {debuggerAddress: localhost:61919}, javascriptEnabled: true, networkConnectionEnabled: false, pageLoadStrategy: normal, platform: WINDOWS, platformName: WINDOWS, proxy: Proxy(), setWindowRect: true, strictFileInteractability: false, timeouts: {implicit: 0, pageLoad: 300000, script: 30000}, unhandledPromptBehavior: dismiss and notify, webauthn:extension:credBlob: true, webauthn:extension:largeBlob: true, webauthn:virtualAuthenticators: true}
Session ID: 544b053bc790e54c6c34f2dc97c24e69
*** Element info: {Using=link text, value=Components}
	at org.openqa.selenium.remote.http.W3CHttpResponseCodec.decode(W3CHttpResponseCodec.java:120)
	at org.openqa.selenium.remote.http.W3CHttpResponseCodec.decode(W3CHttpResponseCodec.java:49)
	at org.openqa.selenium.remote.HttpCommandExecutor.execute(HttpCommandExecutor.java:158)
	at org.openqa.selenium.remote.service.DriverCommandExecutor.execute(DriverCommandExecutor.java:83)
	at org.openqa.selenium.remote.RemoteWebDriver.execute(RemoteWebDriver.java:552)
	at org.openqa.selenium.remote.RemoteWebDriver.findElement(RemoteWebDriver.java:323)
	at org.openqa.selenium.remote.RemoteWebDriver.findElementByLinkText(RemoteWebDriver.java:380)
	at org.openqa.selenium.By$ByLinkText.findElement(By.java:220)
	at org.openqa.selenium.remote.RemoteWebDriver.findElement(RemoteWebDriver.java:315)
	at org.openqa.selenium.support.pagefactory.DefaultElementLocator.findElement(DefaultElementLocator.java:69)
	at org.openqa.selenium.support.pagefactory.internal.LocatingElementHandler.invoke(LocatingElementHandler.java:38)
	at jdk.proxy2/jdk.proxy2.$Proxy13.click(Unknown Source)
	at pages.AddToCart.addCart(AddToCart.java:45)
	at testcases.TC4AddCart.clickCart(TC4AddCart.java:23)
	at java.base/jdk.internal.reflect.NativeMethodAccessorImpl.invoke0(Native Method)
	at java.base/jdk.internal.reflect.NativeMethodAccessorImpl.invoke(NativeMethodAccessorImpl.java:77)
	at java.base/jdk.internal.reflect.DelegatingMethodAccessorImpl.invoke(DelegatingMethodAccessorImpl.java:43)
	at java.base/java.lang.reflect.Method.invoke(Method.java:568)
	at org.testng.internal.MethodInvocationHelper.invokeMethod(MethodInvocationHelper.java:108)
	at org.testng.internal.Invoker.invokeMethod(Invoker.java:661)
	at org.testng.internal.Invoker.invokeTestMethod(Invoker.java:869)
	at org.testng.internal.Invoker.invokeTestMethods(Invoker.java:1193)
	at org.testng.internal.TestMethodWorker.invokeTestMethods(TestMethodWorker.java:126)
	at org.testng.internal.TestMethodWorker.run(TestMethodWorker.java:109)
	at org.testng.TestRunner.privateRun(TestRunner.java:744)
	at org.testng.TestRunner.run(TestRunner.java:602)
	at org.testng.SuiteRunner.runTest(SuiteRunner.java:380)
	at org.testng.SuiteRunner.runSequentially(SuiteRunner.java:375)
	at org.testng.SuiteRunner.privateRun(SuiteRunner.java:340)
	at org.testng.SuiteRunner.run(SuiteRunner.java:289)
	at org.testng.SuiteRunnerWorker.runSuite(SuiteRunnerWorker.java:52)
	at org.testng.SuiteRunnerWorker.run(SuiteRunnerWorker.java:86)
	at org.testng.TestNG.runSuitesSequentially(TestNG.java:1301)
	at org.testng.TestNG.runSuitesLocally(TestNG.java:1226)
	at org.testng.TestNG.runSuites(TestNG.java:1144)
	at org.testng.TestNG.run(TestNG.java:1115)
	at org.testng.remote.AbstractRemoteTestNG.run(AbstractRemoteTestNG.java:115)
	at org.testng.remote.RemoteTestNG.initAndRun(RemoteTestNG.java:251)
	at org.testng.remote.RemoteTestNG.main(RemoteTestNG.java:77)
</pre></div></td>
<td>0</td>
<td>testcases.TC4AddCart@c03cf28</td></tr>
</table><p>
</body>
</html>