<?xml version="1.0" encoding="UTF-8"?>
<!-- Generated by org.testng.reporters.JUnitXMLReporter -->
<testsuite ignored="0" hostname="DESKTOP-0SH0Q77" failures="1" tests="1" name="Add To Cart Test" time="0.032" errors="0" timestamp="02 Feb. 2022 02:38:02 GMT">
  <testcase classname="testcases.TC4AddCart" name="clickCart" time="0.026">
    <failure type="org.openqa.selenium.UnhandledAlertException" message="unexpected alert open: {Alert text : SyntaxError: Unexpected token &amp;lt; in JSON at position 0
parsererror
&amp;lt;b&amp;gt;Warning&amp;lt;/b&amp;gt;: unlink(/home/ocdemo/storage/cache/cache.catalog.language.1643773091): No such file or directory in &amp;lt;b&amp;gt;/home/ocdemo/public_html/system/library/cache/file.php&amp;lt;/b&amp;gt; on line &amp;lt;b&amp;gt;68&amp;lt;/b&amp;gt;{&amp;quot;country_id&amp;quot;:&amp;quot;210&amp;quot;,&amp;quot;name&amp;quot;:&amp;quot;Togo&amp;quot;,&amp;quot;iso_code_2&amp;quot;:&amp;quot;TG&amp;quot;,&amp;quot;iso_code_3&amp;quot;:&amp;quot;TGO&amp;quot;,&amp;quot;address_format&amp;quot;:&amp;quot;&amp;quot;,&amp;quot;postcode_required&amp;quot;:&amp;quot;0&amp;quot;,&amp;quot;zone&amp;quot;:[{&amp;quot;zone_id&amp;quot;:&amp;quot;3268&amp;quot;,&amp;quot;country_id&amp;quot;:&amp;quot;210&amp;quot;,&amp;quot;name&amp;quot;:&amp;quot;Centrale&amp;quot;,&amp;quot;code&amp;quot;:&amp;quot;C&amp;quot;,&amp;quot;status&amp;quot;:&amp;quot;1&amp;quot;},{&amp;quot;zone_id&amp;quot;:&amp;quot;3265&amp;quot;,&amp;quot;country_id&amp;quot;:&amp;quot;210&amp;quot;,&amp;quot;name&amp;quot;:&amp;quot;Kara&amp;quot;,&amp;quot;code&amp;quot;:&amp;quot;K&amp;quot;,&amp;quot;status&amp;quot;:&amp;quot;1&amp;quot;},{&amp;quot;zone_id&amp;quot;:&amp;quot;3269&amp;quot;,&amp;quot;country_id&amp;quot;:&amp;quot;210&amp;quot;,&amp;quot;name&amp;quot;:&amp;quot;Maritime&amp;quot;,&amp;quot;code&amp;quot;:&amp;quot;M&amp;quot;,&amp;quot;status&amp;quot;:&amp;quot;1&amp;quot;},{&amp;quot;zone_id&amp;quot;:&amp;quot;3266&amp;quot;,&amp;quot;country_id&amp;quot;:&amp;quot;210&amp;quot;,&amp;quot;name&amp;quot;:&amp;quot;Plateaux&amp;quot;,&amp;quot;code&amp;quot;:&amp;quot;P&amp;quot;,&amp;quot;status&amp;quot;:&amp;quot;1&amp;quot;},{&amp;quot;zone_id&amp;quot;:&amp;quot;3267&amp;quot;,&amp;quot;country_id&amp;quot;:&amp;quot;210&amp;quot;,&amp;quot;name&amp;quot;:&amp;quot;Savanes&amp;quot;,&amp;quot;code&amp;quot;:&amp;quot;S&amp;quot;,&amp;quot;status&amp;quot;:&amp;quot;1&amp;quot;}],&amp;quot;status&amp;quot;:&amp;quot;1&amp;quot;}}
  (Session info: chrome=97.0.4692.99): SyntaxError: Unexpected token &amp;lt; in JSON at position 0
parsererror
&amp;lt;b&amp;gt;Warning&amp;lt;/b&amp;gt;: unlink(/home/ocdemo/storage/cache/cache.catalog.language.1643773091): No such file or directory in &amp;lt;b&amp;gt;/home/ocdemo/public_html/system/library/cache/file.php&amp;lt;/b&amp;gt; on line &amp;lt;b&amp;gt;68&amp;lt;/b&amp;gt;{&amp;quot;country_id&amp;quot;:&amp;quot;210&amp;quot;,&amp;quot;name&amp;quot;:&amp;quot;Togo&amp;quot;,&amp;quot;iso_code_2&amp;quot;:&amp;quot;TG&amp;quot;,&amp;quot;iso_code_3&amp;quot;:&amp;quot;TGO&amp;quot;,&amp;quot;address_format&amp;quot;:&amp;quot;&amp;quot;,&amp;quot;postcode_required&amp;quot;:&amp;quot;0&amp;quot;,&amp;quot;zone&amp;quot;:[{&amp;quot;zone_id&amp;quot;:&amp;quot;3268&amp;quot;,&amp;quot;country_id&amp;quot;:&amp;quot;210&amp;quot;,&amp;quot;name&amp;quot;:&amp;quot;Centrale&amp;quot;,&amp;quot;code&amp;quot;:&amp;quot;C&amp;quot;,&amp;quot;status&amp;quot;:&amp;quot;1&amp;quot;},{&amp;quot;zone_id&amp;quot;:&amp;quot;3265&amp;quot;,&amp;quot;country_id&amp;quot;:&amp;quot;210&amp;quot;,&amp;quot;name&amp;quot;:&amp;quot;Kara&amp;quot;,&amp;quot;code&amp;quot;:&amp;quot;K&amp;quot;,&amp;quot;status&amp;quot;:&amp;quot;1&amp;quot;},{&amp;quot;zone_id&amp;quot;:&amp;quot;3269&amp;quot;,&amp;quot;country_id&amp;quot;:&amp;quot;210&amp;quot;,&amp;quot;name&amp;quot;:&amp;quot;Maritime&amp;quot;,&amp;quot;code&amp;quot;:&amp;quot;M&amp;quot;,&amp;quot;status&amp;quot;:&amp;quot;1&amp;quot;},{&amp;quot;zone_id&amp;quot;:&amp;quot;3266&amp;quot;,&amp;quot;country_id&amp;quot;:&amp;quot;210&amp;quot;,&amp;quot;name&amp;quot;:&amp;quot;Plateaux&amp;quot;,&amp;quot;code&amp;quot;:&amp;quot;P&amp;quot;,&amp;quot;status&amp;quot;:&amp;quot;1&amp;quot;},{&amp;quot;zone_id&amp;quot;:&amp;quot;3267&amp;quot;,&amp;quot;country_id&amp;quot;:&amp;quot;210&amp;quot;,&amp;quot;name&amp;quot;:&amp;quot;Savanes&amp;quot;,&amp;quot;code&amp;quot;:&amp;quot;S&amp;quot;,&amp;quot;status&amp;quot;:&amp;quot;1&amp;quot;}],&amp;quot;status&amp;quot;:&amp;quot;1&amp;quot;}
Build info: version: &amp;apos;3.141.59&amp;apos;, revision: &amp;apos;e82be7d358&amp;apos;, time: &amp;apos;2018-11-14T08:17:03&amp;apos;
System info: host: &amp;apos;DESKTOP-0SH0Q77&amp;apos;, ip: &amp;apos;10.0.0.96&amp;apos;, os.name: &amp;apos;Windows 10&amp;apos;, os.arch: &amp;apos;amd64&amp;apos;, os.version: &amp;apos;10.0&amp;apos;, java.version: &amp;apos;17.0.1&amp;apos;
Driver info: org.openqa.selenium.chrome.ChromeDriver
Capabilities {acceptInsecureCerts: false, browserName: chrome, browserVersion: 97.0.4692.99, chrome: {chromedriverVersion: 97.0.4692.71 (adefa7837d02a..., userDataDir: C:\Users\Jasveer\AppData\Lo...}, goog:chromeOptions: {debuggerAddress: localhost:61919}, javascriptEnabled: true, networkConnectionEnabled: false, pageLoadStrategy: normal, platform: WINDOWS, platformName: WINDOWS, proxy: Proxy(), setWindowRect: true, strictFileInteractability: false, timeouts: {implicit: 0, pageLoad: 300000, script: 30000}, unhandledPromptBehavior: dismiss and notify, webauthn:extension:credBlob: true, webauthn:extension:largeBlob: true, webauthn:virtualAuthenticators: true}
Session ID: 544b053bc790e54c6c34f2dc97c24e69
*** Element info: {Using=link text, value=Components}">
      <![CDATA[org.openqa.selenium.UnhandledAlertException: unexpected alert open: {Alert text : SyntaxError: Unexpected token < in JSON at position 0
parsererror
<b>Warning</b>: unlink(/home/ocdemo/storage/cache/cache.catalog.language.1643773091): No such file or directory in <b>/home/ocdemo/public_html/system/library/cache/file.php</b> on line <b>68</b>{"country_id":"210","name":"Togo","iso_code_2":"TG","iso_code_3":"TGO","address_format":"","postcode_required":"0","zone":[{"zone_id":"3268","country_id":"210","name":"Centrale","code":"C","status":"1"},{"zone_id":"3265","country_id":"210","name":"Kara","code":"K","status":"1"},{"zone_id":"3269","country_id":"210","name":"Maritime","code":"M","status":"1"},{"zone_id":"3266","country_id":"210","name":"Plateaux","code":"P","status":"1"},{"zone_id":"3267","country_id":"210","name":"Savanes","code":"S","status":"1"}],"status":"1"}}
  (Session info: chrome=97.0.4692.99): SyntaxError: Unexpected token < in JSON at position 0
parsererror
<b>Warning</b>: unlink(/home/ocdemo/storage/cache/cache.catalog.language.1643773091): No such file or directory in <b>/home/ocdemo/public_html/system/library/cache/file.php</b> on line <b>68</b>{"country_id":"210","name":"Togo","iso_code_2":"TG","iso_code_3":"TGO","address_format":"","postcode_required":"0","zone":[{"zone_id":"3268","country_id":"210","name":"Centrale","code":"C","status":"1"},{"zone_id":"3265","country_id":"210","name":"Kara","code":"K","status":"1"},{"zone_id":"3269","country_id":"210","name":"Maritime","code":"M","status":"1"},{"zone_id":"3266","country_id":"210","name":"Plateaux","code":"P","status":"1"},{"zone_id":"3267","country_id":"210","name":"Savanes","code":"S","status":"1"}],"status":"1"}
Build info: version: '3.141.59', revision: 'e82be7d358', time: '2018-11-14T08:17:03'
System info: host: 'DESKTOP-0SH0Q77', ip: '10.0.0.96', os.name: 'Windows 10', os.arch: 'amd64', os.version: '10.0', java.version: '17.0.1'
Driver info: org.openqa.selenium.chrome.ChromeDriver
Capabilities {acceptInsecureCerts: false, browserName: chrome, browserVersion: 97.0.4692.99, chrome: {chromedriverVersion: 97.0.4692.71 (adefa7837d02a..., userDataDir: C:\Users\Jasveer\AppData\Lo...}, goog:chromeOptions: {debuggerAddress: localhost:61919}, javascriptEnabled: true, networkConnectionEnabled: false, pageLoadStrategy: normal, platform: WINDOWS, platformName: WINDOWS, proxy: Proxy(), setWindowRect: true, strictFileInteractability: false, timeouts: {implicit: 0, pageLoad: 300000, script: 30000}, unhandledPromptBehavior: dismiss and notify, webauthn:extension:credBlob: true, webauthn:extension:largeBlob: true, webauthn:virtualAuthenticators: true}
Session ID: 544b053bc790e54c6c34f2dc97c24e69
*** Element info: {Using=link text, value=Components}
	at org.openqa.selenium.remote.http.W3CHttpResponseCodec.decode(W3CHttpResponseCodec.java:120)
	at org.openqa.selenium.remote.http.W3CHttpResponseCodec.decode(W3CHttpResponseCodec.java:49)
	at org.openqa.selenium.remote.HttpCommandExecutor.execute(HttpCommandExecutor.java:158)
	at org.openqa.selenium.remote.service.DriverCommandExecutor.execute(DriverCommandExecutor.java:83)
	at org.openqa.selenium.remote.RemoteWebDriver.execute(RemoteWebDriver.java:552)
	at org.openqa.selenium.remote.RemoteWebDriver.findElement(RemoteWebDriver.java:323)
	at org.openqa.selenium.remote.RemoteWebDriver.findElementByLinkText(RemoteWebDriver.java:380)
	at org.openqa.selenium.By$ByLinkText.findElement(By.java:220)
	at org.openqa.selenium.remote.RemoteWebDriver.findElement(RemoteWebDriver.java:315)
	at org.openqa.selenium.support.pagefactory.DefaultElementLocator.findElement(DefaultElementLocator.java:69)
	at org.openqa.selenium.support.pagefactory.internal.LocatingElementHandler.invoke(LocatingElementHandler.java:38)
	at jdk.proxy2/jdk.proxy2.$Proxy13.click(Unknown Source)
	at pages.AddToCart.addCart(AddToCart.java:45)
	at testcases.TC4AddCart.clickCart(TC4AddCart.java:23)
... Removed 25 stack frames]]>
    </failure>
  </testcase> <!-- clickCart -->
</testsuite> <!-- Add To Cart Test -->
